{"C:\\Users\\mmenacor\\OneDrive - everis\\Documentos\\ConfusionMatrix\\src\\index.ts": {"path":"C:\\Users\\mmenacor\\OneDrive - everis\\Documentos\\ConfusionMatrix\\src\\index.ts","statementMap":{"0":{"start":{"line":1,"column":0},"end":{"line":1,"column":26}},"1":{"start":{"line":5,"column":46},"end":{"line":5,"column":59}},"2":{"start":{"line":3,"column":0},"end":{"line":3,"column":13}}},"fnMap":{"0":{"name":"(anonymous_0)","decl":{"start":{"line":5,"column":11},"end":{"line":5,"column":16}},"loc":{"start":{"line":5,"column":36},"end":{"line":5,"column":60}}}},"branchMap":{},"s":{"0":1,"1":1,"2":1},"f":{"0":1},"b":{}}
,"C:\\Users\\mmenacor\\OneDrive - everis\\Documentos\\ConfusionMatrix\\src\\core\\confidencebuilder.ts": {"path":"C:\\Users\\mmenacor\\OneDrive - everis\\Documentos\\ConfusionMatrix\\src\\core\\confidencebuilder.ts","statementMap":{"0":{"start":{"line":3,"column":0},"end":{"line":3,"column":50}},"1":{"start":{"line":10,"column":24},"end":{"line":10,"column":46}},"2":{"start":{"line":12,"column":4},"end":{"line":12,"column":40}},"3":{"start":{"line":19,"column":8},"end":{"line":26,"column":null}},"4":{"start":{"line":21,"column":29},"end":{"line":21,"column":70}},"5":{"start":{"line":23,"column":12},"end":{"line":23,"column":69}},"6":{"start":{"line":28,"column":8},"end":{"line":28,"column":29}},"7":{"start":{"line":29,"column":8},"end":{"line":29,"column":22}},"8":{"start":{"line":6,"column":0},"end":{"line":6,"column":13}}},"fnMap":{"0":{"name":"(anonymous_0)","decl":{"start":{"line":10,"column":4},"end":{"line":10,"column":24}},"loc":{"start":{"line":10,"column":46},"end":{"line":14,"column":5}}},"1":{"name":"(anonymous_1)","decl":{"start":{"line":15,"column":11},"end":{"line":15,"column":16}},"loc":{"start":{"line":15,"column":41},"end":{"line":31,"column":5}}},"2":{"name":"(anonymous_2)","decl":{"start":{"line":19,"column":32},"end":{"line":19,"column":33}},"loc":{"start":{"line":19,"column":65},"end":{"line":26,"column":9}}}},"branchMap":{},"s":{"0":1,"1":2,"2":2,"3":2,"4":4,"5":4,"6":2,"7":2,"8":1},"f":{"0":2,"1":2,"2":4},"b":{}}
,"C:\\Users\\mmenacor\\OneDrive - everis\\Documentos\\ConfusionMatrix\\src\\util\\transformer.ts": {"path":"C:\\Users\\mmenacor\\OneDrive - everis\\Documentos\\ConfusionMatrix\\src\\util\\transformer.ts","statementMap":{"0":{"start":{"line":10,"column":34},"end":{"line":16,"column":10}},"1":{"start":{"line":18,"column":8},"end":{"line":18,"column":22}},"2":{"start":{"line":5,"column":0},"end":{"line":5,"column":13}}},"fnMap":{"0":{"name":"(anonymous_0)","decl":{"start":{"line":7,"column":11},"end":{"line":7,"column":20}},"loc":{"start":{"line":7,"column":67},"end":{"line":20,"column":5}}}},"branchMap":{},"s":{"0":5,"1":5,"2":2},"f":{"0":5},"b":{}}
,"C:\\Users\\mmenacor\\OneDrive - everis\\Documentos\\ConfusionMatrix\\test\\datatest.js": {"path":"C:\\Users\\mmenacor\\OneDrive - everis\\Documentos\\ConfusionMatrix\\test\\datatest.js","statementMap":{"0":{"start":{"line":1,"column":0},"end":{"line":42,"column":1}},"1":{"start":{"line":44,"column":0},"end":{"line":53,"column":1}},"2":{"start":{"line":55,"column":0},"end":{"line":73,"column":1}}},"fnMap":{},"branchMap":{},"s":{"0":2,"1":2,"2":2},"f":{},"b":{},"_coverageSchema":"43e27e138ebf9cfc5966b082cf9a028302ed4184","hash":"a80f87ee15e2a70febf7ca06326f8bb6cad00ac3"}
,"C:\\Users\\mmenacor\\OneDrive - everis\\Documentos\\ConfusionMatrix\\test\\clients\\luisclient.mock.ts": {"path":"C:\\Users\\mmenacor\\OneDrive - everis\\Documentos\\ConfusionMatrix\\test\\clients\\luisclient.mock.ts","statementMap":{"0":{"start":{"line":4,"column":16},"end":{"line":4,"column":41}},"1":{"start":{"line":10,"column":34},"end":{"line":10,"column":58}},"2":{"start":{"line":11,"column":8},"end":{"line":11,"column":22}},"3":{"start":{"line":6,"column":0},"end":{"line":6,"column":13}}},"fnMap":{"0":{"name":"(anonymous_0)","decl":{"start":{"line":8,"column":11},"end":{"line":8,"column":20}},"loc":{"start":{"line":8,"column":39},"end":{"line":12,"column":5}}}},"branchMap":{},"s":{"0":1,"1":4,"2":4,"3":1},"f":{"0":4},"b":{}}
}
