{"C:\\Users\\mmenacor\\OneDrive - everis\\Documentos\\ConfusionMatrix\\src\\clients\\luisclient.ts": {"path":"C:\\Users\\mmenacor\\OneDrive - everis\\Documentos\\ConfusionMatrix\\src\\clients\\luisclient.ts","statementMap":{"0":{"start":{"line":5,"column":0},"end":{"line":5,"column":44}},"1":{"start":{"line":6,"column":14},"end":{"line":6,"column":30}},"2":{"start":{"line":18,"column":25},"end":{"line":18,"column":50}},"3":{"start":{"line":20,"column":12},"end":{"line":25,"column":null}},"4":{"start":{"line":31,"column":21},"end":{"line":35,"column":10}},"5":{"start":{"line":37,"column":8},"end":{"line":37,"column":34}},"6":{"start":{"line":14,"column":0},"end":{"line":14,"column":13}}},"fnMap":{"0":{"name":"(anonymous_7)","decl":{"start":{"line":18,"column":4},"end":{"line":18,"column":25}},"loc":{"start":{"line":18,"column":50},"end":{"line":27,"column":5}}},"1":{"name":"(anonymous_8)","decl":{"start":{"line":29,"column":17},"end":{"line":29,"column":26}},"loc":{"start":{"line":29,"column":45},"end":{"line":39,"column":null}}}},"branchMap":{},"s":{"0":2,"1":2,"2":2,"3":2,"4":3,"5":3,"6":2},"f":{"0":2,"1":3},"b":{}}
,"C:\\Users\\mmenacor\\OneDrive - everis\\Documentos\\ConfusionMatrix\\src\\core\\confidencebuilder.ts": {"path":"C:\\Users\\mmenacor\\OneDrive - everis\\Documentos\\ConfusionMatrix\\src\\core\\confidencebuilder.ts","statementMap":{"0":{"start":{"line":3,"column":0},"end":{"line":3,"column":50}},"1":{"start":{"line":10,"column":24},"end":{"line":10,"column":46}},"2":{"start":{"line":12,"column":4},"end":{"line":12,"column":40}},"3":{"start":{"line":18,"column":21},"end":{"line":25,"column":15}},"4":{"start":{"line":18,"column":94},"end":{"line":25,"column":14}},"5":{"start":{"line":20,"column":33},"end":{"line":20,"column":80}},"6":{"start":{"line":21,"column":16},"end":{"line":21,"column":42}},"7":{"start":{"line":22,"column":16},"end":{"line":22,"column":40}},"8":{"start":{"line":23,"column":16},"end":{"line":23,"column":73}},"9":{"start":{"line":27,"column":9},"end":{"line":27,"column":23}},"10":{"start":{"line":6,"column":0},"end":{"line":6,"column":13}}},"fnMap":{"0":{"name":"(anonymous_6)","decl":{"start":{"line":10,"column":4},"end":{"line":10,"column":24}},"loc":{"start":{"line":10,"column":46},"end":{"line":14,"column":1}}},"1":{"name":"(anonymous_7)","decl":{"start":{"line":15,"column":13},"end":{"line":15,"column":18}},"loc":{"start":{"line":15,"column":43},"end":{"line":29,"column":null}}},"2":{"name":"(anonymous_9)","decl":{"start":{"line":18,"column":55},"end":{"line":18,"column":62}},"loc":{"start":{"line":18,"column":94},"end":{"line":25,"column":14}}},"3":{"name":"(anonymous_10)","decl":{"start":{"line":18,"column":94},"end":{"line":18,"column":null}},"loc":{"start":{"line":18,"column":94},"end":{"line":25,"column":13}}}},"branchMap":{},"s":{"0":2,"1":3,"2":3,"3":3,"4":6,"5":6,"6":6,"7":6,"8":6,"9":3,"10":2},"f":{"0":3,"1":3,"2":6,"3":6},"b":{}}
,"C:\\Users\\mmenacor\\OneDrive - everis\\Documentos\\ConfusionMatrix\\src\\core\\confusionmatrixbuilder.ts": {"path":"C:\\Users\\mmenacor\\OneDrive - everis\\Documentos\\ConfusionMatrix\\src\\core\\confusionmatrixbuilder.ts","statementMap":{"0":{"start":{"line":8,"column":24},"end":{"line":8,"column":60}},"1":{"start":{"line":14,"column":28},"end":{"line":14,"column":71}},"2":{"start":{"line":16,"column":22},"end":{"line":16,"column":68}},"3":{"start":{"line":17,"column":4},"end":{"line":17,"column":38}},"4":{"start":{"line":18,"column":4},"end":{"line":18,"column":29}},"5":{"start":{"line":19,"column":4},"end":{"line":19,"column":48}},"6":{"start":{"line":21,"column":22},"end":{"line":32,"column":6}},"7":{"start":{"line":34,"column":4},"end":{"line":34,"column":47}},"8":{"start":{"line":5,"column":0},"end":{"line":5,"column":13}}},"fnMap":{"0":{"name":"(anonymous_6)","decl":{"start":{"line":8,"column":4},"end":{"line":8,"column":24}},"loc":{"start":{"line":8,"column":60},"end":{"line":11,"column":1}}},"1":{"name":"(anonymous_7)","decl":{"start":{"line":12,"column":13},"end":{"line":12,"column":18}},"loc":{"start":{"line":12,"column":59},"end":{"line":36,"column":null}}}},"branchMap":{},"s":{"0":1,"1":1,"2":1,"3":1,"4":1,"5":1,"6":1,"7":1,"8":1},"f":{"0":1,"1":1},"b":{}}
,"C:\\Users\\mmenacor\\OneDrive - everis\\Documentos\\ConfusionMatrix\\src\\util\\transformer.ts": {"path":"C:\\Users\\mmenacor\\OneDrive - everis\\Documentos\\ConfusionMatrix\\src\\util\\transformer.ts","statementMap":{"0":{"start":{"line":9,"column":34},"end":{"line":15,"column":10}},"1":{"start":{"line":17,"column":8},"end":{"line":17,"column":22}},"2":{"start":{"line":5,"column":0},"end":{"line":5,"column":13}}},"fnMap":{"0":{"name":"(anonymous_0)","decl":{"start":{"line":7,"column":11},"end":{"line":7,"column":20}},"loc":{"start":{"line":7,"column":67},"end":{"line":19,"column":5}}}},"branchMap":{},"s":{"0":7,"1":7,"2":3},"f":{"0":7},"b":{}}
,"C:\\Users\\mmenacor\\OneDrive - everis\\Documentos\\ConfusionMatrix\\test\\datatest.js": {"path":"C:\\Users\\mmenacor\\OneDrive - everis\\Documentos\\ConfusionMatrix\\test\\datatest.js","statementMap":{"0":{"start":{"line":1,"column":0},"end":{"line":53,"column":1}},"1":{"start":{"line":55,"column":0},"end":{"line":64,"column":1}},"2":{"start":{"line":66,"column":0},"end":{"line":84,"column":1}}},"fnMap":{},"branchMap":{},"s":{"0":4,"1":4,"2":4},"f":{},"b":{},"_coverageSchema":"43e27e138ebf9cfc5966b082cf9a028302ed4184","hash":"801d8a00979c0130ee1a6e11a2b642586e51250e"}
,"C:\\Users\\mmenacor\\OneDrive - everis\\Documentos\\ConfusionMatrix\\test\\clients\\luisclient.mock.ts": {"path":"C:\\Users\\mmenacor\\OneDrive - everis\\Documentos\\ConfusionMatrix\\test\\clients\\luisclient.mock.ts","statementMap":{"0":{"start":{"line":5,"column":16},"end":{"line":5,"column":41}},"1":{"start":{"line":12,"column":41},"end":{"line":12,"column":62}},"2":{"start":{"line":14,"column":8},"end":{"line":24,"column":null}},"3":{"start":{"line":14,"column":29},"end":{"line":14,"column":30}},"4":{"start":{"line":16,"column":12},"end":{"line":21,"column":null}},"5":{"start":{"line":18,"column":12},"end":{"line":18,"column":36}},"6":{"start":{"line":20,"column":12},"end":{"line":20,"column":18}},"7":{"start":{"line":25,"column":8},"end":{"line":29,"column":11}},"8":{"start":{"line":27,"column":12},"end":{"line":27,"column":28}},"9":{"start":{"line":7,"column":0},"end":{"line":7,"column":13}}},"fnMap":{"0":{"name":"(anonymous_0)","decl":{"start":{"line":9,"column":11},"end":{"line":9,"column":20}},"loc":{"start":{"line":9,"column":39},"end":{"line":33,"column":5}}},"1":{"name":"(anonymous_1)","decl":{"start":{"line":25,"column":40},"end":{"line":25,"column":41}},"loc":{"start":{"line":25,"column":51},"end":{"line":29,"column":9}}}},"branchMap":{"0":{"loc":{"start":{"line":16,"column":12},"end":{"line":21,"column":null}},"type":"if","locations":[{"start":{"line":16,"column":12},"end":{"line":21,"column":null}},{"start":{"line":16,"column":12},"end":{"line":21,"column":null}}]}},"s":{"0":1,"1":4,"2":4,"3":4,"4":6,"5":4,"6":4,"7":4,"8":4,"9":1},"f":{"0":4,"1":4},"b":{"0":[4,2]}}
}
