TN:
SF:C:\Users\mmenacor\OneDrive - everis\Documentos\ConfusionMatrix\src\index.ts
FN:5,(anonymous_0)
FNF:1
FNH:1
FNDA:1,(anonymous_0)
DA:1,1
DA:3,1
DA:5,1
LF:3
LH:3
BRF:0
BRH:0
end_of_record
TN:
SF:C:\Users\mmenacor\OneDrive - everis\Documentos\ConfusionMatrix\src\core\confidencebuilder.ts
FN:10,(anonymous_0)
FN:15,(anonymous_1)
FN:19,(anonymous_2)
FNF:3
FNH:3
FNDA:2,(anonymous_0)
FNDA:2,(anonymous_1)
FNDA:4,(anonymous_2)
DA:3,1
DA:6,1
DA:10,2
DA:12,2
DA:19,2
DA:21,4
DA:23,4
DA:27,2
LF:8
LH:8
BRF:0
BRH:0
end_of_record
TN:
SF:C:\Users\mmenacor\OneDrive - everis\Documentos\ConfusionMatrix\src\util\transformer.ts
FN:7,(anonymous_0)
FNF:1
FNH:1
FNDA:5,(anonymous_0)
DA:5,2
DA:10,5
DA:18,5
LF:3
LH:3
BRF:0
BRH:0
end_of_record
TN:
SF:C:\Users\mmenacor\OneDrive - everis\Documentos\ConfusionMatrix\test\datatest.js
FNF:0
FNH:0
DA:1,2
DA:55,2
DA:66,2
LF:3
LH:3
BRF:0
BRH:0
end_of_record
TN:
SF:C:\Users\mmenacor\OneDrive - everis\Documentos\ConfusionMatrix\test\clients\luisclient.mock.ts
FN:8,(anonymous_0)
FNF:1
FNH:1
FNDA:4,(anonymous_0)
DA:4,1
DA:6,1
DA:11,4
DA:13,4
DA:15,6
DA:17,4
DA:19,4
DA:24,4
LF:8
LH:8
BRDA:15,0,0,4
BRDA:15,0,1,2
BRF:2
BRH:2
end_of_record
