TN:
SF:C:\Users\mmenacor\OneDrive - everis\Documentos\ConfusionMatrix\src\index.ts
FN:5,(anonymous_0)
FNF:1
FNH:1
FNDA:1,(anonymous_0)
DA:1,1
DA:3,1
DA:5,1
LF:3
LH:3
BRF:0
BRH:0
end_of_record
TN:
SF:C:\Users\mmenacor\OneDrive - everis\Documentos\ConfusionMatrix\src\core\confidencebuilder.ts
FN:10,(anonymous_0)
FN:15,(anonymous_1)
FN:19,(anonymous_2)
FNF:3
FNH:3
FNDA:2,(anonymous_0)
FNDA:2,(anonymous_1)
FNDA:4,(anonymous_2)
DA:3,1
DA:6,1
DA:10,2
DA:12,2
DA:19,2
DA:21,4
DA:23,4
DA:28,2
DA:29,2
LF:9
LH:9
BRF:0
BRH:0
end_of_record
TN:
SF:C:\Users\mmenacor\OneDrive - everis\Documentos\ConfusionMatrix\src\util\transformer.ts
FN:7,(anonymous_0)
FNF:1
FNH:1
FNDA:5,(anonymous_0)
DA:5,2
DA:10,5
DA:18,5
LF:3
LH:3
BRF:0
BRH:0
end_of_record
TN:
SF:C:\Users\mmenacor\OneDrive - everis\Documentos\ConfusionMatrix\test\datatest.js
FNF:0
FNH:0
DA:1,2
DA:44,2
DA:55,2
LF:3
LH:3
BRF:0
BRH:0
end_of_record
TN:
SF:C:\Users\mmenacor\OneDrive - everis\Documentos\ConfusionMatrix\test\clients\luisclient.mock.ts
FN:8,(anonymous_0)
FNF:1
FNH:1
FNDA:4,(anonymous_0)
DA:4,1
DA:6,1
DA:10,4
DA:11,4
LF:4
LH:4
BRF:0
BRH:0
end_of_record
